[15:23:28.887][INFO]: Successfully injected RecipeFS file system
[15:23:28.949][INFO]: Successfully identified and loaded plugin crafttweaker:builtin
[15:23:28.956][INFO]: Successfully identified and loaded plugin crafttweaker:builtin_forge
[15:23:28.962][INFO]: Successfully identified and loaded plugin farmersdelight:crafttweaker_plugin
[15:23:29.782][INFO]: The following mods have explicit CraftTweaker support through the default plugin:
[15:23:29.783][INFO]: - 'aether' at version '1.19.2-1.4.2-forge'
[15:23:29.788][INFO]: - 'aquaculture' at version '1.19.2-2.4.17'
[15:23:29.788][INFO]: - 'crafttweaker' at version '10.1.55'
[15:23:29.789][INFO]: - 'farmersdelight' at version '1.19.2-1.2.4'
[15:23:29.789][INFO]: - 'gamestages' at version '11.1.4'
[15:23:29.789][INFO]: - 'itemstages' at version '5.1.4'
[15:23:41.418][INFO]: Started loading scripts for loader 'initialize'
[15:23:42.045][INFO]: Compiling and executing scripts
[15:23:42.149][INFO]: Successfully initialized modules [crafttweaker, expansions]
[15:23:42.322][INFO]: Execution for loader 'initialize' completed successfully
[15:23:53.616][INFO]: Started loading scripts for loader 'tags'
[15:23:53.647][INFO]: Compiling and executing scripts
[15:23:53.665][INFO]: Successfully initialized modules [crafttweaker, expansions]
[15:23:53.678][INFO]: Execution for loader 'tags' completed successfully
[15:23:59.751][INFO]: Started loading scripts for loader 'crafttweaker'
[15:23:59.790][INFO]: Compiling and executing scripts
[15:24:00.203][INFO]: Successfully initialized modules [mods, crafttweaker, expansions]
[15:24:00.207][INFO]: Loading file 'Cisco.zs' with priority 0
[15:24:00.232][INFO]: Hello world!
[15:24:00.235][INFO]: Adding 'minecraft:smithing' recipe, with name: 'crafttweaker:dreadsteel_chestplate' that outputs: '<item:dreadsteel:dreadsteel_chestplate>'
[15:24:00.235][INFO]: Adding 'minecraft:smithing' recipe, with name: 'crafttweaker:dreadsteel_helmet' that outputs: '<item:dreadsteel:dreadsteel_helmet>'
[15:24:00.236][INFO]: Adding 'minecraft:smithing' recipe, with name: 'crafttweaker:dreadsteel_boots' that outputs: '<item:dreadsteel:dreadsteel_boots>'
[15:24:00.236][INFO]: Adding 'minecraft:smithing' recipe, with name: 'crafttweaker:dreadsteel_leggings' that outputs: '<item:dreadsteel:dreadsteel_leggings>'
[15:24:00.236][INFO]: Adding 'minecraft:crafting' recipe, of type: "shapeless", with name: 'crafttweaker:dreadsteel_ingot_recipe' that outputs: '<item:dreadsteel:dreadsteel_ingot>'
[15:24:00.236][INFO]: Adding 'minecraft:crafting' recipe, of type: "shapeless", with name: 'crafttweaker:dreadsteel_scythe_recipe' that outputs: '<item:dreadsteel:dreadsteel_scythe>'
[15:24:00.237][INFO]: Adding 'minecraft:crafting' recipe, of type: "shapeless", with name: 'crafttweaker:dreadsteel_shield_recipe' that outputs: '<item:dreadsteel:dreadsteel_shield>'
[15:24:00.237][INFO]: Removing "minecraft:crafting" recipes with modid: "dreadsteel"
[15:24:00.239][INFO]: Adding 'minecraft:crafting' recipe, of type: "shapeless", with name: 'crafttweaker:amnesia_scroll' that outputs: '<item:skilltree:amnesia_scroll>'
[15:24:00.239][INFO]: Adding 'minecraft:crafting' recipe, of type: "shapeless", with name: 'crafttweaker:true_dragons_breath' that outputs: '<item:cisco_mod:true_dragons_breath>'
[15:24:00.242][INFO]: Adding 'minecraft:crafting' recipe, of type: "shapeless", with name: 'crafttweaker:rogue_eye' that outputs: '<item:endrem:rogue_eye>.withTag({Damage: 0})'
[15:24:00.242][INFO]: Adding 'minecraft:crafting' recipe, of type: "shapeless", with name: 'crafttweaker:undead_soul' that outputs: '<item:endrem:undead_soul>'
[15:24:00.242][INFO]: Adding 'minecraft:crafting' recipe, of type: "shapeless", with name: 'crafttweaker:demonium_ingot_recipe' that outputs: '<item:cisco_mod:demonium_ingot>'
[15:24:00.242][INFO]: Adding 'minecraft:crafting' recipe, of type: "shapeless", with name: 'crafttweaker:frigidium_ingot_recipe' that outputs: '<item:cisco_mod:frigidiumingot>'
[15:24:00.242][INFO]: Execution for loader 'crafttweaker' completed successfully
[15:24:00.243][INFO]: This reload was made possible by Quaternary and more! Become a patron at https://patreon.com/jaredlll08?s=crtmod
